16:08:21.614 [main] INFO  testCases.TC_003_LoginDataDrivenTest - URL is Opened...
16:08:22.416 [main] INFO  testCases.TC_003_LoginDataDrivenTest -  ***Starting TC_003_LoginDataDrivenTest***
16:08:23.758 [main] INFO  testCases.TC_003_LoginDataDrivenTest - Login is successfull - Data is valid and Target page is true
16:08:24.021 [main] INFO  testCases.TC_003_LoginDataDrivenTest - Test case passed....
16:08:24.023 [main] INFO  testCases.TC_003_LoginDataDrivenTest -  ***Finished TC_003_LoginDataDrivenTest***
16:08:24.035 [main] INFO  testCases.TC_003_LoginDataDrivenTest -  ***Starting TC_003_LoginDataDrivenTest***
16:08:34.584 [main] INFO  testCases.TC_003_LoginDataDrivenTest - Login is successfull - Data is invalid and Target page is True
16:08:34.584 [main] INFO  testCases.TC_003_LoginDataDrivenTest - Test case passed....
16:08:34.584 [main] INFO  testCases.TC_003_LoginDataDrivenTest -  ***Finished TC_003_LoginDataDrivenTest***
16:08:34.584 [main] INFO  testCases.TC_003_LoginDataDrivenTest -  ***Starting TC_003_LoginDataDrivenTest***
16:08:47.938 [main] INFO  testCases.TC_003_LoginDataDrivenTest - Login is successfull - Data is invalid and Target page is True
16:08:47.938 [main] INFO  testCases.TC_003_LoginDataDrivenTest - Test case passed....
16:08:47.938 [main] INFO  testCases.TC_003_LoginDataDrivenTest -  ***Finished TC_003_LoginDataDrivenTest***
16:08:47.938 [main] INFO  testCases.TC_003_LoginDataDrivenTest -  ***Starting TC_003_LoginDataDrivenTest***
16:08:58.524 [main] INFO  testCases.TC_003_LoginDataDrivenTest - Login is successfull - Data is invalid and Target page is True
16:08:58.524 [main] INFO  testCases.TC_003_LoginDataDrivenTest - Test case passed....
16:08:58.524 [main] INFO  testCases.TC_003_LoginDataDrivenTest -  ***Finished TC_003_LoginDataDrivenTest***
16:08:58.539 [main] INFO  testCases.TC_003_LoginDataDrivenTest -  ***Starting TC_003_LoginDataDrivenTest***
16:08:59.437 [main] INFO  testCases.TC_003_LoginDataDrivenTest - Login is successfull - Data is valid and Target page is true
16:08:59.714 [main] INFO  testCases.TC_003_LoginDataDrivenTest - Test case passed....
16:08:59.714 [main] INFO  testCases.TC_003_LoginDataDrivenTest -  ***Finished TC_003_LoginDataDrivenTest***
16:08:59.839 [main] INFO  testCases.TC_003_LoginDataDrivenTest - Browser closed...
16:21:15.077 [main] INFO  testCases.TC_003_LoginDataDrivenTest - URL is Opened...
16:21:15.877 [main] INFO  testCases.TC_003_LoginDataDrivenTest -  ***Starting TC_003_LoginDataDrivenTest***
16:21:17.041 [main] INFO  testCases.TC_003_LoginDataDrivenTest - Login is successfull - Data is valid and Target page is true
16:21:17.296 [main] INFO  testCases.TC_003_LoginDataDrivenTest - Test case passed....
16:21:17.299 [main] INFO  testCases.TC_003_LoginDataDrivenTest -  ***Finished TC_003_LoginDataDrivenTest***
16:21:17.312 [main] INFO  testCases.TC_003_LoginDataDrivenTest -  ***Starting TC_003_LoginDataDrivenTest***
16:21:27.880 [main] INFO  testCases.TC_003_LoginDataDrivenTest - Login is Unsuccessfull - Data is invalid and Target page is True
16:21:27.880 [main] INFO  testCases.TC_003_LoginDataDrivenTest - Test case passed....
16:21:27.880 [main] INFO  testCases.TC_003_LoginDataDrivenTest -  ***Finished TC_003_LoginDataDrivenTest***
16:21:27.880 [main] INFO  testCases.TC_003_LoginDataDrivenTest -  ***Starting TC_003_LoginDataDrivenTest***
16:21:38.484 [main] INFO  testCases.TC_003_LoginDataDrivenTest - Login is Unsuccessfull - Data is invalid and Target page is True
16:21:38.484 [main] INFO  testCases.TC_003_LoginDataDrivenTest - Test case passed....
16:21:38.484 [main] INFO  testCases.TC_003_LoginDataDrivenTest -  ***Finished TC_003_LoginDataDrivenTest***
16:21:38.500 [main] INFO  testCases.TC_003_LoginDataDrivenTest -  ***Starting TC_003_LoginDataDrivenTest***
16:21:51.612 [main] INFO  testCases.TC_003_LoginDataDrivenTest - Login is Unsuccessfull - Data is invalid and Target page is True
16:21:51.612 [main] INFO  testCases.TC_003_LoginDataDrivenTest - Test case passed....
16:21:51.612 [main] INFO  testCases.TC_003_LoginDataDrivenTest -  ***Finished TC_003_LoginDataDrivenTest***
16:21:51.612 [main] INFO  testCases.TC_003_LoginDataDrivenTest -  ***Starting TC_003_LoginDataDrivenTest***
16:21:52.435 [main] INFO  testCases.TC_003_LoginDataDrivenTest - Login is successfull - Data is valid and Target page is true
16:21:52.695 [main] INFO  testCases.TC_003_LoginDataDrivenTest - Test case passed....
16:21:52.695 [main] INFO  testCases.TC_003_LoginDataDrivenTest -  ***Finished TC_003_LoginDataDrivenTest***
16:21:52.825 [main] INFO  testCases.TC_003_LoginDataDrivenTest - Browser closed...
16:22:43.035 [main] INFO  testCases.TC_003_LoginDataDrivenTest - URL is Opened...
16:22:43.833 [main] INFO  testCases.TC_003_LoginDataDrivenTest -  ***Starting TC_003_LoginDataDrivenTest***
16:22:45.059 [main] INFO  testCases.TC_003_LoginDataDrivenTest - Login is successfull - Data is valid and Target page is true
16:22:45.321 [main] INFO  testCases.TC_003_LoginDataDrivenTest - Test case passed....
16:22:45.323 [main] INFO  testCases.TC_003_LoginDataDrivenTest -  ***Finished TC_003_LoginDataDrivenTest***
16:22:45.334 [main] INFO  testCases.TC_003_LoginDataDrivenTest -  ***Starting TC_003_LoginDataDrivenTest***
16:22:55.925 [main] INFO  testCases.TC_003_LoginDataDrivenTest - Login is Unsuccessfull - Data is invalid and Target page is True
16:22:55.925 [main] INFO  testCases.TC_003_LoginDataDrivenTest - Test case passed....
16:22:55.925 [main] INFO  testCases.TC_003_LoginDataDrivenTest -  ***Finished TC_003_LoginDataDrivenTest***
16:22:55.930 [main] INFO  testCases.TC_003_LoginDataDrivenTest -  ***Starting TC_003_LoginDataDrivenTest***
16:23:06.674 [main] INFO  testCases.TC_003_LoginDataDrivenTest - Login is Unsuccessfull - Data is invalid and Target page is True
16:23:06.674 [main] INFO  testCases.TC_003_LoginDataDrivenTest - Test case passed....
16:23:06.674 [main] INFO  testCases.TC_003_LoginDataDrivenTest -  ***Finished TC_003_LoginDataDrivenTest***
16:23:06.689 [main] INFO  testCases.TC_003_LoginDataDrivenTest -  ***Starting TC_003_LoginDataDrivenTest***
16:23:17.383 [main] INFO  testCases.TC_003_LoginDataDrivenTest - Login is Unsuccessfull - Data is invalid and Target page is True
16:23:17.383 [main] INFO  testCases.TC_003_LoginDataDrivenTest - Test case passed....
16:23:17.383 [main] INFO  testCases.TC_003_LoginDataDrivenTest -  ***Finished TC_003_LoginDataDrivenTest***
16:23:17.383 [main] INFO  testCases.TC_003_LoginDataDrivenTest -  ***Starting TC_003_LoginDataDrivenTest***
16:23:18.132 [main] INFO  testCases.TC_003_LoginDataDrivenTest - Login is successfull - Data is valid and Target page is true
16:23:18.381 [main] INFO  testCases.TC_003_LoginDataDrivenTest - Test case passed....
16:23:18.381 [main] INFO  testCases.TC_003_LoginDataDrivenTest -  ***Finished TC_003_LoginDataDrivenTest***
16:23:18.512 [main] INFO  testCases.TC_003_LoginDataDrivenTest - Browser closed...
20:05:24.765 [main] INFO  testCases.TC_001_AccountRegistrationTest - URL is Opened...
20:05:24.822 [main] INFO  testCases.TC_001_AccountRegistrationTest - *staring TC_001_AccountRegistrationTest ******
20:05:24.911 [main] INFO  testCases.TC_001_AccountRegistrationTest - Clicked the MyAccount...
20:05:25.322 [main] INFO  testCases.TC_001_AccountRegistrationTest - Clicked the Registration...
20:05:25.322 [main] INFO  testCases.TC_001_AccountRegistrationTest - Proving customer details
20:05:26.745 [main] INFO  testCases.TC_001_AccountRegistrationTest - Form Filled... Clicked contiune...
20:05:26.790 [main] INFO  testCases.TC_001_AccountRegistrationTest - Test passed..
20:05:27.040 [main] INFO  testCases.TC_001_AccountRegistrationTest - **finished TC_001_AccountRegistrationTest **
20:05:27.283 [main] INFO  testCases.TC_001_AccountRegistrationTest - Browser closed...
14:43:18.278 [main] INFO  testCases.TC_001_AccountRegistrationTest - URL is Opened...
14:43:18.418 [main] INFO  testCases.TC_001_AccountRegistrationTest - *staring TC_001_AccountRegistrationTest ******
14:43:18.501 [main] INFO  testCases.TC_001_AccountRegistrationTest - Clicked the MyAccount...
14:43:19.979 [main] INFO  testCases.TC_001_AccountRegistrationTest - Clicked the Registration...
14:43:19.979 [main] INFO  testCases.TC_001_AccountRegistrationTest - Proving customer details
14:43:21.050 [main] INFO  testCases.TC_001_AccountRegistrationTest - Form Filled... Clicked contiune...
14:43:21.098 [main] INFO  testCases.TC_001_AccountRegistrationTest - Test passed..
14:43:21.363 [main] INFO  testCases.TC_001_AccountRegistrationTest - **finished TC_001_AccountRegistrationTest **
14:43:21.569 [main] INFO  testCases.TC_001_AccountRegistrationTest - Browser closed...
17:46:23.433 [main] INFO  testCases.TC_002_LoginTest - URL is Opened...
17:46:23.453 [main] INFO  testCases.TC_002_LoginTest - ****Starting TC_002_LoginTest**
17:46:23.544 [main] INFO  testCases.TC_002_LoginTest - Clicked My Account...
17:46:24.381 [main] INFO  testCases.TC_002_LoginTest - Clicked Login...
17:46:24.550 [main] INFO  testCases.TC_002_LoginTest - Enter the Email...
17:46:24.609 [main] INFO  testCases.TC_002_LoginTest - Entered the password...
17:46:25.139 [main] INFO  testCases.TC_002_LoginTest - CLicked the contiune button
17:46:25.300 [main] INFO  testCases.TC_002_LoginTest - Testcase Passed....
17:46:25.537 [main] INFO  testCases.TC_002_LoginTest - Browser closed...
17:47:24.653 [main] INFO  testCases.TC_002_LoginTest - URL is Opened...
17:47:24.665 [main] INFO  testCases.TC_002_LoginTest - ****Starting TC_002_LoginTest**
17:47:24.736 [main] INFO  testCases.TC_002_LoginTest - Clicked My Account...
17:47:25.548 [main] INFO  testCases.TC_002_LoginTest - Clicked Login...
17:47:25.626 [main] INFO  testCases.TC_002_LoginTest - Enter the Email...
17:47:25.679 [main] INFO  testCases.TC_002_LoginTest - Entered the password...
17:47:25.902 [main] INFO  testCases.TC_002_LoginTest - CLicked the contiune button
17:47:36.393 [main] INFO  testCases.TC_002_LoginTest - Browser closed...
17:49:13.280 [main] INFO  testCases.TC_002_LoginTest - URL is Opened...
17:49:13.297 [main] INFO  testCases.TC_002_LoginTest - ****Starting TC_002_LoginTest**
17:49:13.380 [main] INFO  testCases.TC_002_LoginTest - Clicked My Account...
17:49:13.664 [main] INFO  testCases.TC_002_LoginTest - Clicked Login...
17:49:13.748 [main] INFO  testCases.TC_002_LoginTest - Enter the Email...
17:49:13.799 [main] INFO  testCases.TC_002_LoginTest - Entered the password...
17:49:14.607 [main] INFO  testCases.TC_002_LoginTest - CLicked the contiune button
17:49:14.661 [main] INFO  testCases.TC_002_LoginTest - Testcase Passed....
17:49:14.801 [main] INFO  testCases.TC_002_LoginTest - Browser closed...
17:51:48.727 [main] INFO  testCases.TC_002_LoginTest - URL is Opened...
17:51:48.739 [main] INFO  testCases.TC_002_LoginTest - ****Starting TC_002_LoginTest**
17:51:48.808 [main] INFO  testCases.TC_002_LoginTest - Clicked My Account...
17:51:49.058 [main] INFO  testCases.TC_002_LoginTest - Clicked Login...
17:51:49.148 [main] INFO  testCases.TC_002_LoginTest - Enter the Email...
17:51:49.195 [main] INFO  testCases.TC_002_LoginTest - Entered the password...
17:51:50.292 [main] INFO  testCases.TC_002_LoginTest - CLicked the contiune button
17:51:50.349 [main] INFO  testCases.TC_002_LoginTest - Testcase Passed....
17:51:50.527 [main] INFO  testCases.TC_002_LoginTest - Browser closed...
17:53:14.200 [main] INFO  testCases.TC_002_LoginTest - URL is Opened...
17:53:14.213 [main] INFO  testCases.TC_002_LoginTest - ****Starting TC_002_LoginTest**
17:53:14.295 [main] INFO  testCases.TC_002_LoginTest - Clicked My Account...
17:53:14.606 [main] INFO  testCases.TC_002_LoginTest - Clicked Login...
17:53:14.688 [main] INFO  testCases.TC_002_LoginTest - Enter the Email...
17:53:14.740 [main] INFO  testCases.TC_002_LoginTest - Entered the password...
17:53:15.420 [main] INFO  testCases.TC_002_LoginTest - CLicked the contiune button
17:53:15.459 [main] INFO  testCases.TC_002_LoginTest - Testcase Passed....
17:53:15.667 [main] INFO  testCases.TC_002_LoginTest - Browser closed...
